#
# A fatal error has been detected by the Java Runtime Environment:
#
#  EXCEPTION_ACCESS_VIOLATION (0xc0000005) at pc=0x0000000077860af0, pid=4404, tid=7056
#
# JRE version: Java(TM) SE Runtime Environment (7.0_79-b15) (build 1.7.0_79-b15)
# Java VM: Java HotSpot(TM) 64-Bit Server VM (24.79-b02 mixed mode windows-amd64 compressed oops)
# Problematic frame:
# V  [jvm.dll+0x40af0]
#
# Failed to write core dump. Minidumps are not enabled by default on client versions of Windows
#
# If you would like to submit a bug report, please visit:
#   http://bugreport.java.com/bugreport/crash.jsp
#

---------------  T H R E A D  ---------------

Current thread (0x0000000002d07000):  GCTaskThread [stack: 0x0000000006240000,0x0000000006340000] [id=7056]

siginfo: ExceptionCode=0xc0000005, reading address 0x0000000000000018

Registers:
RAX=0x0000000000000000, RBX=0x00000000f04f1ea8, RCX=0x00000000f04f1ea8, RDX=0x0000000000000010
RSP=0x000000000633f748, RBP=0x0000000005eed401, RSI=0x0000000008c3f060, RDI=0x00000000c287d410
R8 =0x0000000008c3f060, R9 =0x0000000000000000, R10=0xedc46ba8fd4bcae8, R11=0x00000000fae8ca30
R12=0x0000000005eed3e5, R13=0x0000000000000000, R14=0x0000000000000000, R15=0x0000000002d02cd0
RIP=0x0000000077860af0, EFLAGS=0x0000000000010202

Top of Stack: (sp=0x000000000633f748)
0x000000000633f748:   0000000077bc4ca6 00000000fd4bbf88
0x000000000633f758:   0000000000000003 0000000008c3f060
0x000000000633f768:   00000000fdc7fc95 00000000fae885d8
0x000000000633f778:   0000000000001000 00000000c5f52cc8
0x000000000633f788:   0000000000000400 0000000000000000
0x000000000633f798:   0000000008c3f000 0000000005eed3e5
0x000000000633f7a8:   0000000077bc5030 00000000fae8cadc
0x000000000633f7b8:   0000000005eed401 0000000008c3f060
0x000000000633f7c8:   00000000c287d410 00000000fae8cadc
0x000000000633f7d8:   0000000077bc5c45 00000000ec1b4da0
0x000000000633f7e8:   0000000005eecc01 0000000008c3f060
0x000000000633f7f8:   0000000000000004 0000000008c3f060
0x000000000633f808:   0000000002d05300 00000000c05b68a4
0x000000000633f818:   0000000077911ca9 00000000c26706b4
0x000000000633f828:   000000007790fed3 00000000c26706b1
0x000000000633f838:   00000000c26706b1 00000000c287ce84 

Instructions: (pc=0x0000000077860af0)
0x0000000077860ad0:   0d 44 0f b7 c0 48 83 c1 40 e8 a2 73 51 00 48 83
0x0000000077860ae0:   c4 28 c3 cc cc cc cc cc cc cc cc cc cc cc cc cc
0x0000000077860af0:   44 8b 42 08 4c 8b ca 45 85 c0 7e 0e 41 f6 c0 01
0x0000000077860b00:   75 57 41 c1 f8 03 41 8b c0 c3 79 4d 80 3d b5 65 


Register to memory mapping:

RAX=0x0000000000000000 is an unknown value
RBX=0x00000000f04f1ea8 is an unknown value
RCX=0x00000000f04f1ea8 is an unknown value
RDX=0x0000000000000010 is an unknown value
RSP=0x000000000633f748 is an unknown value
RBP=0x0000000005eed401 is an unknown value
RSI=0x0000000008c3f060 is an unknown value
RDI=0x00000000c287d410 is an oop
java.util.BitSet 
 - klass: 'java/util/BitSet'
R8 =0x0000000008c3f060 is an unknown value
R9 =0x0000000000000000 is an unknown value
R10=0xedc46ba8fd4bcae8 is an unknown value
R11=0x00000000fae8ca30 is an oop
com.android.dx.ssa.SsaBasicBlock 
 - klass: 'com/android/dx/ssa/SsaBasicBlock'
R12=0x0000000005eed3e5 is an unknown value
R13=0x0000000000000000 is an unknown value
R14=0x0000000000000000 is an unknown value
R15=0x0000000002d02cd0 is an unknown value


Stack: [0x0000000006240000,0x0000000006340000],  sp=0x000000000633f748,  free space=1021k
Native frames: (J=compiled Java code, j=interpreted, Vv=VM code, C=native code)
V  [jvm.dll+0x40af0]


---------------  P R O C E S S  ---------------

Java Threads: ( => current thread )
  0x000000000a866800 JavaThread "pool-1-thread-4" [_thread_blocked, id=5984, stack(0x000000000adf0000,0x000000000aef0000)]
  0x000000000a866000 JavaThread "pool-1-thread-3" [_thread_blocked, id=4784, stack(0x000000000acf0000,0x000000000adf0000)]
  0x000000000a861000 JavaThread "pool-1-thread-2" [_thread_blocked, id=3608, stack(0x000000000abf0000,0x000000000acf0000)]
  0x000000000a7ba000 JavaThread "pool-2-thread-1" [_thread_blocked, id=5816, stack(0x000000000aaf0000,0x000000000abf0000)]
  0x000000000a7b9800 JavaThread "pool-1-thread-1" [_thread_blocked, id=5520, stack(0x000000000a9f0000,0x000000000aaf0000)]
  0x0000000008c95800 JavaThread "Service Thread" daemon [_thread_blocked, id=6584, stack(0x000000000a3f0000,0x000000000a4f0000)]
  0x0000000008c90800 JavaThread "C2 CompilerThread1" daemon [_thread_blocked, id=4892, stack(0x000000000a2f0000,0x000000000a3f0000)]
  0x0000000008c83800 JavaThread "C2 CompilerThread0" daemon [_thread_blocked, id=2492, stack(0x000000000a1f0000,0x000000000a2f0000)]
  0x0000000008c82800 JavaThread "Attach Listener" daemon [_thread_blocked, id=6808, stack(0x000000000a0f0000,0x000000000a1f0000)]
  0x0000000008c7f800 JavaThread "Signal Dispatcher" daemon [_thread_blocked, id=2660, stack(0x0000000009ff0000,0x000000000a0f0000)]
  0x0000000008c4a000 JavaThread "Finalizer" daemon [_thread_blocked, id=5072, stack(0x0000000009ef0000,0x0000000009ff0000)]
  0x0000000008c46800 JavaThread "Reference Handler" daemon [_thread_blocked, id=6560, stack(0x0000000009df0000,0x0000000009ef0000)]
  0x000000000136d800 JavaThread "main" [_thread_blocked, id=6244, stack(0x0000000002af0000,0x0000000002bf0000)]

Other Threads:
  0x0000000008c41800 VMThread [stack: 0x0000000009cf0000,0x0000000009df0000] [id=5364]
  0x0000000008ca4000 WatcherThread [stack: 0x000000000a4f0000,0x000000000a5f0000] [id=6640]

=>0x0000000002d07000 (exited) GCTaskThread [stack: 0x0000000006240000,0x0000000006340000] [id=7056]

VM state:at safepoint (normal execution)

VM Mutex/Monitor currently owned by a thread:  ([mutex/lock_event])
[0x000000000136c4c0] Threads_lock - owner thread: 0x0000000008c41800
[0x000000000136c6c0] Heap_lock - owner thread: 0x000000000136d800

Heap
 PSYoungGen      total 216064K, used 216034K [0x00000000eaa80000, 0x00000000ffe80000, 0x0000000100000000)
  eden space 162816K, 100% used [0x00000000eaa80000,0x00000000f4980000,0x00000000f4980000)
  from space 53248K, 99% used [0x00000000fca80000,0x00000000ffe789b8,0x00000000ffe80000)
  to   space 68608K, 99% used [0x00000000f7880000,0x00000000fbb78108,0x00000000fbb80000)
 ParOldGen       total 154112K, used 112144K [0x00000000c0000000, 0x00000000c9680000, 0x00000000eaa80000)
  object space 154112K, 72% used [0x00000000c0000000,0x00000000c6d94350,0x00000000c9680000)
 PSPermGen       total 21504K, used 6047K [0x00000000bae00000, 0x00000000bc300000, 0x00000000c0000000)
  object space 21504K, 28% used [0x00000000bae00000,0x00000000bb3e7c78,0x00000000bc300000)

Card table byte_map: [0x0000000005eb0000,0x00000000060e0000] byte_map_base: 0x00000000058d9000

Polling page: 0x0000000000fc0000

Code Cache  [0x0000000002df0000, 0x0000000003090000, 0x0000000005df0000)
 total_blobs=916 nmethods=680 adapters=189 free_code_cache=46612Kb largest_free_block=47644288

Compilation events (10 events):
Event: 10.196 Thread 0x0000000008c90800 nmethod 686 0x000000000303b250 code [0x000000000303b380, 0x000000000303b3f8]
Event: 10.196 Thread 0x0000000008c90800  687             java.util.ArrayList::add (54 bytes)
Event: 10.202 Thread 0x0000000008c90800 nmethod 687 0x000000000305bc90 code [0x000000000305be00, 0x000000000305c0b8]
Event: 10.202 Thread 0x0000000008c90800  688             com.android.dx.rop.code.RegisterSpec::equals (60 bytes)
Event: 10.207 Thread 0x0000000008c90800 nmethod 688 0x0000000003048f50 code [0x00000000030490a0, 0x0000000003049418]
Event: 10.207 Thread 0x0000000008c90800  689             java.lang.Integer::highestOneBit (38 bytes)
Event: 10.208 Thread 0x0000000008c90800 nmethod 689 0x000000000304dc10 code [0x000000000304dd40, 0x000000000304ddb8]
Event: 10.237 Thread 0x0000000008c90800  690             com.android.dx.cf.code.BaseMachine::popArgs (72 bytes)
Event: 10.239 Thread 0x0000000008c90800 nmethod 690 0x0000000003048050 code [0x00000000030481a0, 0x0000000003048298]
Event: 10.265 Thread 0x0000000008c83800 nmethod 683 0x0000000003077f50 code [0x0000000003078f00, 0x000000000307b898]

GC Heap History (10 events):
Event: 5.750 GC heap after
Heap after GC invocations=5 (full 0):
 PSYoungGen      total 64000K, used 2560K [0x00000000eaa80000, 0x00000000f3e80000, 0x0000000100000000)
  eden space 61440K, 0% used [0x00000000eaa80000,0x00000000eaa80000,0x00000000ee680000)
  from space 2560K, 100% used [0x00000000ee680000,0x00000000ee900000,0x00000000ee900000)
  to   space 14336K, 0% used [0x00000000f3080000,0x00000000f3080000,0x00000000f3e80000)
 ParOldGen       total 39936K, used 19450K [0x00000000c0000000, 0x00000000c2700000, 0x00000000eaa80000)
  object space 39936K, 48% used [0x00000000c0000000,0x00000000c12fe878,0x00000000c2700000)
 PSPermGen       total 21504K, used 5982K [0x00000000bae00000, 0x00000000bc300000, 0x00000000c0000000)
  object space 21504K, 27% used [0x00000000bae00000,0x00000000bb3d7b98,0x00000000bc300000)
}
Event: 6.534 GC heap before
{Heap before GC invocations=6 (full 0):
 PSYoungGen      total 64000K, used 64000K [0x00000000eaa80000, 0x00000000f3e80000, 0x0000000100000000)
  eden space 61440K, 100% used [0x00000000eaa80000,0x00000000ee680000,0x00000000ee680000)
  from space 2560K, 100% used [0x00000000ee680000,0x00000000ee900000,0x00000000ee900000)
  to   space 14336K, 0% used [0x00000000f3080000,0x00000000f3080000,0x00000000f3e80000)
 ParOldGen       total 39936K, used 19450K [0x00000000c0000000, 0x00000000c2700000, 0x00000000eaa80000)
  object space 39936K, 48% used [0x00000000c0000000,0x00000000c12fe878,0x00000000c2700000)
 PSPermGen       total 21504K, used 6021K [0x00000000bae00000, 0x00000000bc300000, 0x00000000c0000000)
  object space 21504K, 28% used [0x00000000bae00000,0x00000000bb3e1778,0x00000000bc300000)
Event: 6.587 GC heap after
Heap after GC invocations=6 (full 0):
 PSYoungGen      total 135168K, used 12069K [0x00000000eaa80000, 0x00000000f4280000, 0x0000000100000000)
  eden space 120832K, 0% used [0x00000000eaa80000,0x00000000eaa80000,0x00000000f2080000)
  from space 14336K, 84% used [0x00000000f3080000,0x00000000f3c494a8,0x00000000f3e80000)
  to   space 16384K, 0% used [0x00000000f2080000,0x00000000f2080000,0x00000000f3080000)
 ParOldGen       total 39936K, used 19450K [0x00000000c0000000, 0x00000000c2700000, 0x00000000eaa80000)
  object space 39936K, 48% used [0x00000000c0000000,0x00000000c12fe878,0x00000000c2700000)
 PSPermGen       total 21504K, used 6021K [0x00000000bae00000, 0x00000000bc300000, 0x00000000c0000000)
  object space 21504K, 28% used [0x00000000bae00000,0x00000000bb3e1778,0x00000000bc300000)
}
Event: 8.490 GC heap before
{Heap before GC invocations=7 (full 0):
 PSYoungGen      total 135168K, used 132901K [0x00000000eaa80000, 0x00000000f4280000, 0x0000000100000000)
  eden space 120832K, 100% used [0x00000000eaa80000,0x00000000f2080000,0x00000000f2080000)
  from space 14336K, 84% used [0x00000000f3080000,0x00000000f3c494a8,0x00000000f3e80000)
  to   space 16384K, 0% used [0x00000000f2080000,0x00000000f2080000,0x00000000f3080000)
 ParOldGen       total 39936K, used 19450K [0x00000000c0000000, 0x00000000c2700000, 0x00000000eaa80000)
  object space 39936K, 48% used [0x00000000c0000000,0x00000000c12fe878,0x00000000c2700000)
 PSPermGen       total 21504K, used 6031K [0x00000000bae00000, 0x00000000bc300000, 0x00000000c0000000)
  object space 21504K, 28% used [0x00000000bae00000,0x00000000bb3e3e80,0x00000000bc300000)
Event: 8.594 GC heap after
Heap after GC invocations=7 (full 0):
 PSYoungGen      total 137216K, used 16352K [0x00000000eaa80000, 0x00000000ffe80000, 0x0000000100000000)
  eden space 120832K, 0% used [0x00000000eaa80000,0x00000000eaa80000,0x00000000f2080000)
  from space 16384K, 99% used [0x00000000f2080000,0x00000000f30782c0,0x00000000f3080000)
  to   space 53248K, 0% used [0x00000000fca80000,0x00000000fca80000,0x00000000ffe80000)
 ParOldGen       total 86528K, used 86417K [0x00000000c0000000, 0x00000000c5480000, 0x00000000eaa80000)
  object space 86528K, 99% used [0x00000000c0000000,0x00000000c5464758,0x00000000c5480000)
 PSPermGen       total 21504K, used 6031K [0x00000000bae00000, 0x00000000bc300000, 0x00000000c0000000)
  object space 21504K, 28% used [0x00000000bae00000,0x00000000bb3e3e80,0x00000000bc300000)
}
Event: 8.594 GC heap before
{Heap before GC invocations=8 (full 1):
 PSYoungGen      total 137216K, used 16352K [0x00000000eaa80000, 0x00000000ffe80000, 0x0000000100000000)
  eden space 120832K, 0% used [0x00000000eaa80000,0x00000000eaa80000,0x00000000f2080000)
  from space 16384K, 99% used [0x00000000f2080000,0x00000000f30782c0,0x00000000f3080000)
  to   space 53248K, 0% used [0x00000000fca80000,0x00000000fca80000,0x00000000ffe80000)
 ParOldGen       total 86528K, used 86417K [0x00000000c0000000, 0x00000000c5480000, 0x00000000eaa80000)
  object space 86528K, 99% used [0x00000000c0000000,0x00000000c5464758,0x00000000c5480000)
 PSPermGen       total 21504K, used 6031K [0x00000000bae00000, 0x00000000bc300000, 0x00000000c0000000)
  object space 21504K, 28% used [0x00000000bae00000,0x00000000bb3e3e80,0x00000000bc300000)
Event: 9.390 GC heap after
Heap after GC invocations=8 (full 1):
 PSYoungGen      total 137216K, used 11666K [0x00000000eaa80000, 0x00000000ffe80000, 0x0000000100000000)
  eden space 120832K, 0% used [0x00000000eaa80000,0x00000000eaa80000,0x00000000f2080000)
  from space 16384K, 71% used [0x00000000f2080000,0x00000000f2be4830,0x00000000f3080000)
  to   space 53248K, 0% used [0x00000000fca80000,0x00000000fca80000,0x00000000ffe80000)
 ParOldGen       total 154112K, used 86460K [0x00000000c0000000, 0x00000000c9680000, 0x00000000eaa80000)
  object space 154112K, 56% used [0x00000000c0000000,0x00000000c546f2e0,0x00000000c9680000)
 PSPermGen       total 21504K, used 6027K [0x00000000bae00000, 0x00000000bc300000, 0x00000000c0000000)
  object space 21504K, 28% used [0x00000000bae00000,0x00000000bb3e2de0,0x00000000bc300000)
}
Event: 9.474 GC heap before
{Heap before GC invocations=9 (full 1):
 PSYoungGen      total 137216K, used 132498K [0x00000000eaa80000, 0x00000000ffe80000, 0x0000000100000000)
  eden space 120832K, 100% used [0x00000000eaa80000,0x00000000f2080000,0x00000000f2080000)
  from space 16384K, 71% used [0x00000000f2080000,0x00000000f2be4830,0x00000000f3080000)
  to   space 53248K, 0% used [0x00000000fca80000,0x00000000fca80000,0x00000000ffe80000)
 ParOldGen       total 154112K, used 86460K [0x00000000c0000000, 0x00000000c9680000, 0x00000000eaa80000)
  object space 154112K, 56% used [0x00000000c0000000,0x00000000c546f2e0,0x00000000c9680000)
 PSPermGen       total 21504K, used 6027K [0x00000000bae00000, 0x00000000bc300000, 0x00000000c0000000)
  object space 21504K, 28% used [0x00000000bae00000,0x00000000bb3e2de0,0x00000000bc300000)
Event: 9.544 GC heap after
Heap after GC invocations=9 (full 1):
 PSYoungGen      total 216064K, used 53218K [0x00000000eaa80000, 0x00000000ffe80000, 0x0000000100000000)
  eden space 162816K, 0% used [0x00000000eaa80000,0x00000000eaa80000,0x00000000f4980000)
  from space 53248K, 99% used [0x00000000fca80000,0x00000000ffe789b8,0x00000000ffe80000)
  to   space 68608K, 0% used [0x00000000f7880000,0x00000000f7880000,0x00000000fbb80000)
 ParOldGen       total 154112K, used 95931K [0x00000000c0000000, 0x00000000c9680000, 0x00000000eaa80000)
  object space 154112K, 62% used [0x00000000c0000000,0x00000000c5daecc8,0x00000000c9680000)
 PSPermGen       total 21504K, used 6027K [0x00000000bae00000, 0x00000000bc300000, 0x00000000c0000000)
  object space 21504K, 28% used [0x00000000bae00000,0x00000000bb3e2de0,0x00000000bc300000)
}
Event: 10.295 GC heap before
{Heap before GC invocations=10 (full 1):
 PSYoungGen      total 216064K, used 216034K [0x00000000eaa80000, 0x00000000ffe80000, 0x0000000100000000)
  eden space 162816K, 100% used [0x00000000eaa80000,0x00000000f4980000,0x00000000f4980000)
  from space 53248K, 99% used [0x00000000fca80000,0x00000000ffe789b8,0x00000000ffe80000)
  to   space 68608K, 0% used [0x00000000f7880000,0x00000000f7880000,0x00000000fbb80000)
 ParOldGen       total 154112K, used 95931K [0x00000000c0000000, 0x00000000c9680000, 0x00000000eaa80000)
  object space 154112K, 62% used [0x00000000c0000000,0x00000000c5daecc8,0x00000000c9680000)
 PSPermGen       total 21504K, used 6047K [0x00000000bae00000, 0x00000000bc300000, 0x00000000c0000000)
  object space 21504K, 28% used [0x00000000bae00000,0x00000000bb3e7c78,0x00000000bc300000)

Deoptimization events (10 events):
Event: 9.906 Thread 0x000000000136d800 Uncommon trap: reason=class_check action=maybe_recompile pc=0x0000000002fc6a70 method=com.android.dx.ssa.back.InterferenceGraph.mergeInterferenceSet(ILcom/android/dx/util/IntSet;)V @ 20
Event: 9.906 Thread 0x000000000a7b9800 Uncommon trap: reason=class_check action=maybe_recompile pc=0x0000000002fc6a70 method=com.android.dx.ssa.back.InterferenceGraph.mergeInterferenceSet(ILcom/android/dx/util/IntSet;)V @ 20
Event: 9.906 Thread 0x000000000136d800 Uncommon trap: reason=class_check action=maybe_recompile pc=0x0000000002f2934c method=com.android.dx.util.BitIntSet.merge(Lcom/android/dx/util/IntSet;)V @ 1
Event: 9.906 Thread 0x000000000a7b9800 Uncommon trap: reason=class_check action=maybe_recompile pc=0x0000000002f2934c method=com.android.dx.util.BitIntSet.merge(Lcom/android/dx/util/IntSet;)V @ 1
Event: 9.906 Thread 0x000000000136d800 Uncommon trap: reason=class_check action=maybe_recompile pc=0x000000000300b418 method=com.android.dx.ssa.back.InterferenceGraph.mergeInterferenceSet(ILcom/android/dx/util/IntSet;)V @ 20
Event: 9.906 Thread 0x000000000a7b9800 Uncommon trap: reason=class_check action=maybe_recompile pc=0x000000000300b418 method=com.android.dx.ssa.back.InterferenceGraph.mergeInterferenceSet(ILcom/android/dx/util/IntSet;)V @ 20
Event: 9.922 Thread 0x000000000a866000 Uncommon trap: reason=class_check action=maybe_recompile pc=0x0000000002f8154c method=com.android.dx.ssa.back.InterferenceGraph.mergeInterferenceSet(ILcom/android/dx/util/IntSet;)V @ 20
Event: 9.926 Thread 0x000000000136d800 Uncommon trap: reason=class_check action=maybe_recompile pc=0x0000000002f5c3d0 method=com.android.dx.ssa.back.InterferenceGraph.mergeInterferenceSet(ILcom/android/dx/util/IntSet;)V @ 20
Event: 10.039 Thread 0x000000000a866000 Uncommon trap: reason=null_check action=maybe_recompile pc=0x0000000002e876d4 method=com.android.dx.ssa.RegisterMapper.map(Lcom/android/dx/rop/code/RegisterSpecList;)Lcom/android/dx/rop/code/RegisterSpecList; @ 1
Event: 10.191 Thread 0x000000000136d800 Uncommon trap: reason=unreached action=reinterpret pc=0x000000000303b82c method=com.android.dx.ssa.SCCP.simulateMath(Lcom/android/dx/ssa/SsaInsn;I)Lcom/android/dx/rop/cst/Constant; @ 121

Internal exceptions (10 events):
Event: 3.307 Thread 0x000000000a861000 Threw 0x00000000ebc37388 at C:\re\jdk7u79\2331\hotspot\src\share\vm\prims\jvm.cpp:1304
Event: 3.506 Thread 0x000000000136d800 Implicit null exception at 0x0000000002ecbf2b to 0x0000000002ecc60d
Event: 4.431 Thread 0x000000000136d800 Threw 0x00000000ec45f318 at C:\re\jdk7u79\2331\hotspot\src\share\vm\prims\jvm.cpp:1304
Event: 4.766 Thread 0x000000000a7b9800 Threw 0x00000000eb4d4870 at C:\re\jdk7u79\2331\hotspot\src\share\vm\prims\jvm.cpp:1304
Event: 4.879 Thread 0x000000000136d800 Threw 0x00000000ebc9bda0 at C:\re\jdk7u79\2331\hotspot\src\share\vm\prims\jvm.cpp:1304
Event: 5.236 Thread 0x000000000a7b9800 Implicit null exception at 0x0000000002f7821a to 0x0000000002f7900b
Event: 6.188 Thread 0x000000000a861000 Implicit null exception at 0x0000000002fbdab8 to 0x0000000002fbf501
Event: 9.557 Thread 0x000000000136d800 Threw 0x00000000eb26ddd0 at C:\re\jdk7u79\2331\hotspot\src\share\vm\prims\jvm.cpp:1304
Event: 9.583 Thread 0x000000000136d800 Threw 0x00000000eb34b448 at C:\re\jdk7u79\2331\hotspot\src\share\vm\prims\jvm.cpp:1304
Event: 10.039 Thread 0x000000000a866000 Implicit null exception at 0x0000000002e87226 to 0x0000000002e876c9

Events (10 events):
Event: 9.926 Thread 0x000000000136d800 Uncommon trap: trap_request=0xffffffde fr.pc=0x0000000002f5c3d0
Event: 9.926 Thread 0x000000000136d800 DEOPT PACKING pc=0x0000000002f5c3d0 sp=0x0000000002bee680
Event: 9.926 Thread 0x000000000136d800 DEOPT UNPACKING pc=0x0000000002e29064 sp=0x0000000002bee4c0 mode 2
Event: 10.039 Thread 0x000000000a866000 Uncommon trap: trap_request=0xfffffff6 fr.pc=0x0000000002e876d4
Event: 10.039 Thread 0x000000000a866000 DEOPT PACKING pc=0x0000000002e876d4 sp=0x000000000adee810
Event: 10.039 Thread 0x000000000a866000 DEOPT UNPACKING pc=0x0000000002e29064 sp=0x000000000adee7c0 mode 2
Event: 10.191 Thread 0x000000000136d800 Uncommon trap: trap_request=0xffffffad fr.pc=0x000000000303b82c
Event: 10.191 Thread 0x000000000136d800 DEOPT PACKING pc=0x000000000303b82c sp=0x0000000002bee670
Event: 10.191 Thread 0x000000000136d800 DEOPT UNPACKING pc=0x0000000002e29064 sp=0x0000000002bee5c0 mode 2
Event: 10.294 Executing VM operation: ParallelGCFailedAllocation


Dynamic libraries:
0x00007ff6656b0000 - 0x00007ff6656e3000 	C:\Program Files\Java\jdk1.7.0_79\bin\java.exe
0x00007ff98ab30000 - 0x00007ff98acf2000 	C:\Windows\SYSTEM32\ntdll.dll
0x00007ff98a480000 - 0x00007ff98a52d000 	C:\Windows\system32\KERNEL32.DLL
0x00007ff987d60000 - 0x00007ff987f3d000 	C:\Windows\system32\KERNELBASE.dll
0x00007ff98a670000 - 0x00007ff98a716000 	C:\Windows\system32\ADVAPI32.dll
0x00007ff989730000 - 0x00007ff9897cd000 	C:\Windows\system32\msvcrt.dll
0x00007ff98a610000 - 0x00007ff98a66b000 	C:\Windows\system32\sechost.dll
0x00007ff9898a0000 - 0x00007ff9899c6000 	C:\Windows\system32\RPCRT4.dll
0x00007ff989c60000 - 0x00007ff989dae000 	C:\Windows\system32\USER32.dll
0x00007ff989db0000 - 0x00007ff989f36000 	C:\Windows\system32\GDI32.dll
0x00007ff97eed0000 - 0x00007ff97f144000 	C:\Windows\WinSxS\amd64_microsoft.windows.common-controls_6595b64144ccf1df_6.0.10240.16384_none_f41f7b285750ef43\COMCTL32.dll
0x00007ff98aa40000 - 0x00007ff98aa76000 	C:\Windows\system32\IMM32.DLL
0x00007ff98a210000 - 0x00007ff98a36c000 	C:\Windows\system32\MSCTF.dll
0x0000000077350000 - 0x0000000077422000 	C:\Program Files\Java\jdk1.7.0_79\jre\bin\msvcr100.dll
0x0000000077820000 - 0x0000000077ff5000 	C:\Program Files\Java\jdk1.7.0_79\jre\bin\server\jvm.dll
0x00007ff989890000 - 0x00007ff989898000 	C:\Windows\system32\PSAPI.DLL
0x00007ff97c6f0000 - 0x00007ff97c6f9000 	C:\Windows\SYSTEM32\WSOCK32.dll
0x00007ff98a370000 - 0x00007ff98a3d9000 	C:\Windows\system32\WS2_32.dll
0x00007ff989c50000 - 0x00007ff989c58000 	C:\Windows\system32\NSI.dll
0x00007ff985a20000 - 0x00007ff985a43000 	C:\Windows\SYSTEM32\WINMM.dll
0x00007ff9859c0000 - 0x00007ff9859ec000 	C:\Windows\SYSTEM32\WINMMBASE.dll
0x00007ff987f40000 - 0x00007ff987f84000 	C:\Windows\system32\cfgmgr32.dll
0x00007ff985e90000 - 0x00007ff985eb7000 	C:\Windows\SYSTEM32\DEVOBJ.dll
0x0000000050090000 - 0x000000005009f000 	C:\Program Files\Java\jdk1.7.0_79\jre\bin\verify.dll
0x0000000050060000 - 0x0000000050088000 	C:\Program Files\Java\jdk1.7.0_79\jre\bin\java.dll
0x0000000050040000 - 0x0000000050055000 	C:\Program Files\Java\jdk1.7.0_79\jre\bin\zip.dll
0x0000000050020000 - 0x000000005003a000 	C:\Program Files\Java\jdk1.7.0_79\jre\bin\net.dll
0x00007ff986d90000 - 0x00007ff986ded000 	C:\Windows\system32\mswsock.dll
0x0000000050000000 - 0x0000000050011000 	C:\Program Files\Java\jdk1.7.0_79\jre\bin\nio.dll
0x00007ff983e30000 - 0x00007ff983fba000 	C:\Windows\SYSTEM32\dbghelp.dll

VM Arguments:
jvm_args: -Xmx1024M -Dfile.encoding=windows-1252 -Duser.country=BR -Duser.language=pt -Duser.variant 
java_command: com.android.dx.command.Main --dex --num-threads=4 --output C:\Users\Jonathan\Documents\supershopping\SuperShopping\app\build\intermediates\pre-dexed\debug\classes-290493e10a9cc1ffdd6c37579a2d11b32f39fac3.jar C:\Users\Jonathan\Documents\supershopping\SuperShopping\app\build\intermediates\exploded-aar\com.google.android.gms\play-services-ads\8.4.0\jars\classes.jar
Launcher Type: SUN_STANDARD

Environment Variables:
PATH=C:\Windows\system32;C:\Windows;C:\Windows\System32\Wbem;C:\Windows\System32\WindowsPowerShell\v1.0\;C:\Program Files\nodejs\;C:\Program Files\Git\cmd;C:\Program Files (x86)\Skype\Phone\;C:\Users\Jonathan\AppData\Roaming\npm
USERNAME=Jonathan
OS=Windows_NT
PROCESSOR_IDENTIFIER=Intel64 Family 6 Model 37 Stepping 5, GenuineIntel



---------------  S Y S T E M  ---------------

OS: Windows 8.1 , 64 bit Build 9600 

CPU:total 4 (2 cores per cpu, 2 threads per core) family 6 model 37 stepping 5, cmov, cx8, fxsr, mmx, sse, sse2, sse3, ssse3, sse4.1, sse4.2, popcnt, ht, tsc, tscinvbit

Memory: 4k page, physical 3854832k(638836k free), swap 6083056k(1358492k free)

vm_info: Java HotSpot(TM) 64-Bit Server VM (24.79-b02) for windows-amd64 JRE (1.7.0_79-b15), built on Apr 10 2015 12:36:16 by "java_re" with unknown MS VC++:1600

time: Fri Apr 15 23:34:35 2016
elapsed time: 10 seconds

